============================= test session starts ==============================
platform darwin -- Python 3.12.9, pytest-8.4.0, pluggy-1.6.0 -- /Users/emanuelesabetta/Code/ENCHANT_BOOK_MANAGER/.venv/bin/python3
cachedir: .pytest_cache
rootdir: /Users/emanuelesabetta/Code/ENCHANT_BOOK_MANAGER
configfile: pytest.ini
plugins: anyio-4.9.0, timeout-2.4.0, cov-6.2.1, mock-3.14.1
timeout: 300.0s
timeout method: thread
timeout func_only: False
collecting ... collected 12 items

tests/test_translation_service_real.py::TestChineseAITranslatorReal::test_init_local_real SKIPPED
tests/test_translation_service_real.py::TestChineseAITranslatorReal::test_real_translation_local SKIPPED
tests/test_translation_service_real.py::TestChineseAITranslatorReal::test_remove_thinking_block_real SKIPPED
tests/test_translation_service_real.py::TestChineseAITranslatorReal::test_real_wuxia_translation SKIPPED
tests/test_translation_service_real.py::TestChineseAITranslatorReal::test_real_name_translation SKIPPED
tests/test_translation_service_real.py::TestChineseAITranslatorReal::test_real_double_translation SKIPPED
tests/test_translation_service_real.py::TestChineseAITranslatorReal::test_translate_file_real SKIPPED
tests/test_translation_service_real.py::TestChineseAITranslatorReal::test_cost_tracking_local SKIPPED
tests/test_translation_service_real.py::TestChineseAITranslatorReal::test_real_performance SKIPPED
tests/test_translation_service_real.py::TestChineseAITranslatorReal::test_thread_safety_real SKIPPED
tests/test_translation_service_real.py::TestUtilityFunctionsReal::test_is_latin_char_comprehensive ✓ Basic Latin: 'A' -> True
✓ Basic Latin: 'z' -> True
✓ Digit: '5' -> True
✓ Latin with accent: 'é' -> True
✓ Latin with tilde: 'ñ' -> True
✓ Latin with umlaut: 'ü' -> True
✓ Latin ligature: 'œ' -> True
✓ Chinese: '中' -> False
✓ Japanese Hiragana: 'あ' -> False
✓ Hebrew: 'א' -> False
✓ Emoji: '🙂' -> False
✓ Math symbol: '∑' -> False
PASSED
tests/test_translation_service_real.py::TestUtilityFunctionsReal::test_is_latin_charset_real_texts ✓ Pure English: True
✓ English with numbers: True
✓ French accents: True
✗ Spanish punctuation: expected True, got False
✓ English + Chinese: False
✓ Mixed languages: False
✓ Pure Chinese: False
✓ Pure Japanese: False
✓ Pure Arabic: False
✓ Empty string: True
✓ Only spaces: True
✓ Numbers and punctuation: True
✓ Only whitespace: True
FAILED

=================================== FAILURES ===================================
__________ TestUtilityFunctionsReal.test_is_latin_charset_real_texts ___________
tests/test_translation_service_real.py:415: in test_is_latin_charset_real_texts
    assert all_passed, "Not all test cases passed"
E   AssertionError: Not all test cases passed
E   assert False
=========================== short test summary info ============================
FAILED tests/test_translation_service_real.py::TestUtilityFunctionsReal::test_is_latin_charset_real_texts - AssertionError: Not all test cases passed
assert False
!!!!!!!!!!!!!!!!!!!!!!!!!! stopping after 1 failures !!!!!!!!!!!!!!!!!!!!!!!!!!!
=================== 1 failed, 1 passed, 10 skipped in 0.06s ====================
