============================= test session starts ==============================
platform darwin -- Python 3.12.9, pytest-8.4.0, pluggy-1.6.0 -- /Users/emanuelesabetta/Code/ENCHANT_BOOK_MANAGER/.venv/bin/python3
cachedir: .pytest_cache
rootdir: /Users/emanuelesabetta/Code/ENCHANT_BOOK_MANAGER
configfile: pytest.ini
plugins: anyio-4.9.0, timeout-2.4.0, cov-6.2.1, mock-3.14.1
timeout: 300.0s
timeout method: thread
timeout func_only: False
collecting ... collected 12 items

tests/test_translation_service_real.py::TestChineseAITranslatorReal::test_init_local_real SKIPPED
tests/test_translation_service_real.py::TestChineseAITranslatorReal::test_real_translation_local SKIPPED
tests/test_translation_service_real.py::TestChineseAITranslatorReal::test_remove_thinking_block_real SKIPPED
tests/test_translation_service_real.py::TestChineseAITranslatorReal::test_real_wuxia_translation SKIPPED
tests/test_translation_service_real.py::TestChineseAITranslatorReal::test_real_name_translation SKIPPED
tests/test_translation_service_real.py::TestChineseAITranslatorReal::test_real_double_translation SKIPPED
tests/test_translation_service_real.py::TestChineseAITranslatorReal::test_translate_file_real SKIPPED
tests/test_translation_service_real.py::TestChineseAITranslatorReal::test_cost_tracking_local SKIPPED
tests/test_translation_service_real.py::TestChineseAITranslatorReal::test_real_performance SKIPPED
tests/test_translation_service_real.py::TestChineseAITranslatorReal::test_thread_safety_real SKIPPED
tests/test_translation_service_real.py::TestUtilityFunctionsReal::test_is_latin_char_comprehensive âœ“ Basic Latin: 'A' -> True
âœ“ Basic Latin: 'z' -> True
âœ“ Digit: '5' -> True
âœ“ Latin with accent: 'Ã©' -> True
âœ“ Latin with tilde: 'Ã±' -> True
âœ“ Latin with umlaut: 'Ã¼' -> True
âœ“ Latin ligature: 'Å“' -> True
âœ“ Chinese: 'ä¸­' -> False
âœ“ Japanese Hiragana: 'ã‚' -> False
âœ“ Hebrew: '×' -> False
âœ“ Emoji: 'ðŸ™‚' -> False
âœ“ Math symbol: 'âˆ‘' -> False
PASSED
tests/test_translation_service_real.py::TestUtilityFunctionsReal::test_is_latin_charset_real_texts âœ“ Pure English: True
âœ“ English with numbers: True
âœ“ French accents: True
âœ— Spanish punctuation: expected True, got False
âœ“ English + Chinese: False
âœ“ Mixed languages: False
âœ“ Pure Chinese: False
âœ“ Pure Japanese: False
âœ“ Pure Arabic: False
âœ“ Empty string: True
âœ“ Only spaces: True
âœ“ Numbers and punctuation: True
âœ“ Only whitespace: True
FAILED

=================================== FAILURES ===================================
__________ TestUtilityFunctionsReal.test_is_latin_charset_real_texts ___________
tests/test_translation_service_real.py:415: in test_is_latin_charset_real_texts
    assert all_passed, "Not all test cases passed"
E   AssertionError: Not all test cases passed
E   assert False
=========================== short test summary info ============================
FAILED tests/test_translation_service_real.py::TestUtilityFunctionsReal::test_is_latin_charset_real_texts - AssertionError: Not all test cases passed
assert False
!!!!!!!!!!!!!!!!!!!!!!!!!! stopping after 1 failures !!!!!!!!!!!!!!!!!!!!!!!!!!!
=================== 1 failed, 1 passed, 10 skipped in 0.06s ====================
